2019-04-16 19:08:07,717 - INFO - Adding job tentatively -- it will be properly scheduled when the scheduler starts
2019-04-16 19:08:07,717 - INFO - Added job "extract_articles" to job store "default"
2019-04-16 19:08:07,717 - INFO - Scheduler started
2019-04-16 19:08:07,717 - INFO - Running job "extract_articles (trigger: interval[0:15:00], next run at: 2019-04-16 19:08:07 EDT)" (scheduled at 2019-04-16 19:08:07.685797-04:00)
2019-04-16 19:08:07,719 - INFO - started extracting articles
2019-04-16 19:08:07,724 - INFO -  * Running on http://127.0.0.1:5000/ (Press CTRL+C to quit)
2019-04-16 19:08:09,938 - WARNING - skipping "wormholes-not-shortcuts-study-says-using-the-portals-would-take-longer-than-other-routes" because no place was found
2019-04-16 19:08:11,093 - WARNING - skipping "cramer-s-lightning-round-this-stock-could-be-ready-to-break-out" because no place was found
2019-04-16 19:08:11,108 - WARNING - skipping "stars-from-willie-nelson-to-anna-wintour-donate-to-2020-dems" because it already exists in db
2019-04-16 19:08:11,123 - WARNING - skipping "lionel-messi-hails-barcelona-team-mates-after-securing-champions-league-semi-final-spot" because it already exists in db
2019-04-16 19:08:11,138 - WARNING - skipping "vicky-pattison-puts-on-a-busty-display-in-plunging-striped-swimsuit" because it already exists in db
2019-04-16 19:08:11,162 - WARNING - skipping "proof-nick-cummins-was-never-going-to-pick-anyone-on-the-bachelor" because it already exists in db
2019-04-16 19:08:11,186 - WARNING - skipping "tottenham-settle-in-at-hotel-ahead-of-champions-league-quarter-final-clash-with-manchester-city" because it already exists in db
2019-04-16 19:08:14,104 - INFO - inserted "netflix-doesn-t-have-a-good-business-model-says-tech-investor-gene-munster"
2019-04-16 19:08:14,119 - WARNING - skipping "petrol-station-owner-shares-cctv-in-bid-to-catch-alleged-thief" because it already exists in db
2019-04-16 19:08:15,581 - INFO - inserted "shelling-in-libyan-capital-kills-two-wounds-eight-tripoli-official"
2019-04-16 19:08:15,596 - WARNING - skipping "boogie-boarding-10-year-old-girl-fights-off-a-shark-after-she-s-attacked-during-a-birthday-party" because it already exists in db
2019-04-16 19:08:15,611 - WARNING - skipping "north-carolina-born-alive-abortion-bill-wins-final-passage" because it already exists in db
2019-04-16 19:08:17,039 - ERROR - failed to extract places for "jay-carney-key-obama-aides-donate-to-buttigieg"
2019-04-16 19:08:17,040 - WARNING - skipping "jay-carney-key-obama-aides-donate-to-buttigieg" because no place was found
2019-04-16 19:08:18,421 - WARNING - skipping "why-the-imf-upgraded-its-2019-economic-growth-forecast-for-china" because no place was found
2019-04-16 19:08:19,764 - INFO - inserted "voting-in-indonesia-s-elections-gets-underway-in-east-of-country"
2019-04-16 19:08:19,779 - WARNING - skipping "megan-mckenna-cuts-a-casual-figure-in-a-sporty-outfit-as-she-enjoys-an-afternoon-of-shopping" because it already exists in db
2019-04-16 19:08:21,644 - WARNING - skipping "new-rilakkuma-trailer-raises-a-lot-of-questions" because no place was found
2019-04-16 19:08:21,660 - WARNING - skipping "defiant-alan-dershowitz-brands-virginia-roberts-a-fake-metoo-victim-as-she-files-defamation-suit" because it already exists in db
2019-04-16 19:08:22,950 - WARNING - skipping "cramer-charts-show-there-s-more-upside-in-alphabet-alibaba-and-snap" because no place was found
2019-04-16 19:08:22,965 - WARNING - skipping "man-stabbed-by-fellow-student-at-a-university-in-chicago" because it already exists in db
2019-04-16 19:08:22,981 - WARNING - skipping "jett-kenny-hints-things-are-over-with-dance-partner-girlfriend-lily-cornish-after-dwts-elimination" because it already exists in db
2019-04-16 19:08:23,856 - WARNING - skipping "cardi-b-knocks-trump-says-she-ll-always-go-with-bernie" because no place was found
2019-04-16 19:08:23,871 - WARNING - skipping "argentine-siblings-are-accused-of-marrying-two-octogenarian-brothers-benefiting-from-inheritance" because it already exists in db
2019-04-16 19:08:25,027 - INFO - inserted "peaty-set-for-worlds-with-year-s-fastest-100m-breaststroke"
2019-04-16 19:08:25,823 - WARNING - skipping "booker-we-do-have-a-problem-at-the-southern-border-and-democrats-should-not-deny-that" because no place was found
2019-04-16 19:08:25,823 - INFO - finished extracting articles
2019-04-16 19:08:25,823 - INFO - Job "extract_articles (trigger: interval[0:15:00], next run at: 2019-04-16 19:23:07 EDT)" executed successfully
2019-04-16 19:10:00,392 - INFO - Scheduler has been shut down
